2025-05-28 15:44:56,474 - \u2705 Notificat: ADV1484036 (g\u0103sit cu: 'frana')
2025-05-28 15:44:56,793 - \u2705 Notificat: ADV1483719 (g\u0103sit cu: 'frana')
2025-05-28 18:08:14,860 - \u2705 Notificat: ADV1484028 (g\u0103sit cu: 'siguranta')
2025-05-28 18:08:44,092 - \u2705 Notificat: ADV1483982 (g\u0103sit cu: 'switch')
2025-05-28 18:09:41,071 - \u2705 Notificat: ADV1484032 (g\u0103sit cu: 'cablu')
2025-05-28 22:21:46,497 - \u2705 Notificat: ADV1483773 - Albume tip videobook (g\u0103sit cu: 'albume')
2025-05-28 22:26:41,183 - \u2705 Notificat: ADV1483773 - Albume tip videobook (g\u0103sit cu: 'albume')
2025-05-29 08:06:36,322 - \u2705 Notificat: ADV1484032 - \u0219techer mama IEC – 32 buc, \u0219techer Schuko cu extrac\u021bie \u0219i rotire LEGRAND 50175- 32buc , rol\u0103 cablu electric MYYM/H05VV-F 3x1.5mm 100 m , cupru- 1 rol\u0103, set tuburi de cap\u0103t pentru conductor de 1,5mm/100 buc – 2 seturi (g\u0103sit cu: 'cablu')
2025-05-29 09:58:13,003 - \u2705 Notificat: ADV1484036 - Placute de frana (g\u0103sit cu: 'frana')
2025-05-29 09:58:13,244 - \u2705 Notificat: ADV1483719 - Discuri frana fata/Discuri frana spate Renault Master (g\u0103sit cu: 'frana')
2025-05-29 10:05:23,474 - \u2705 Notificat: ADV1484071 - Repara\u021bii curente ale instalatiei electrice la Sectia de Recuperare Medicala Fizica si Balneologie Busteni (g\u0103sit cu: 'electrice')
2025-05-29 10:05:58,967 - \u2705 Notificat: ADV1484028 - siguran\u021b\u0103 automata bipolar\u0103 16A/250V- 8 buc (g\u0103sit cu: 'siguranta')
2025-05-29 10:07:23,702 - \u2705 Notificat: ADV1484032 - \u0219techer mama IEC – 32 buc, \u0219techer Schuko cu extrac\u021bie \u0219i rotire LEGRAND 50175- 32buc , rol\u0103 cablu electric MYYM/H05VV-F 3x1.5mm 100 m , cupru- 1 rol\u0103, set tuburi de cap\u0103t pentru conductor de 1,5mm/100 buc – 2 seturi (g\u0103sit cu: 'cablu')
2025-05-29 10:13:10,800 - \u2705 Notificat: ADV1473985 - Revizie generala STAP Cristesti (g\u0103sit cu: 'Societatea COMPLEXUL ENERGETIC OLTENIA SA')
2025-05-29 10:13:11,033 - \u2705 Notificat: ADV1484096 - Servicii de asisten\u0163\u0103 tehnic\u0103 de specialitate prin dirigin\u0163i de \u015fantier pentru obiectivul de investi\u0163ii „Reabilitare Pod Iuliu Maniu (Muncii) (g\u0103sit cu: 'Societatea COMPLEXUL ENERGETIC OLTENIA SA')
2025-05-29 10:13:11,260 - \u2705 Notificat: ADV1484023 - Achizitie kit ambreiaj VW T 5 (g\u0103sit cu: 'Societatea COMPLEXUL ENERGETIC OLTENIA SA')
2025-05-29 10:13:11,475 - \u2705 Notificat: ADV1484095 - Materiale sanitare (g\u0103sit cu: 'Societatea COMPLEXUL ENERGETIC OLTENIA SA')
2025-05-29 10:13:14,787 - \u2705 Notificat: ADV1473985 - Revizie generala STAP Cristesti (g\u0103sit cu: 'COMPANIA DE TRANSPORT PUBLIC SA Arad')
2025-05-29 10:13:15,027 - \u2705 Notificat: ADV1484096 - Servicii de asisten\u0163\u0103 tehnic\u0103 de specialitate prin dirigin\u0163i de \u015fantier pentru obiectivul de investi\u0163ii „Reabilitare Pod Iuliu Maniu (Muncii) (g\u0103sit cu: 'COMPANIA DE TRANSPORT PUBLIC SA Arad')
2025-05-29 10:13:15,230 - \u2705 Notificat: ADV1484023 - Achizitie kit ambreiaj VW T 5 (g\u0103sit cu: 'COMPANIA DE TRANSPORT PUBLIC SA Arad')
2025-05-29 10:13:15,448 - \u2705 Notificat: ADV1484095 - Materiale sanitare (g\u0103sit cu: 'COMPANIA DE TRANSPORT PUBLIC SA Arad')
2025-05-29 10:24:12,987 - \u2705 Notificat: ADV1484093 - Piese de schimb buldozer komatsu D61PX-15 EO (g\u0103sit cu: 'Societatea COMPLEXUL ENERGETIC OLTENIA SA')
2025-05-29 11:48:51,706 - \u2705 Notificat: ADV1484119 - Hard disk server, switch industrial cu management (g\u0103sit cu: 'switch')
2025-05-29 11:53:41,200 - \u2705 Notificat: ADV1484104 - Achizitia a 2 (doua) cpl. Cazane incalzire, respectiv cazane modulare in condensare de putere minima P=100 Kw, cu montaj si punere in functiune, la sediul Sectiei 18 Politie, situate in str. Constantin Minculescu, nr. 14-16, sector 5, Bucuresti (g\u0103sit cu: 'modul')
2025-05-29 11:55:43,604 - \u2705 Notificat: ADV1484134 - Detergent pentru ma\u0219inile de sp\u0103lat automate (g\u0103sit cu: 'Societatea COMPLEXUL ENERGETIC OLTENIA SA')
2025-05-29 12:34:32,821 - \u2705 Notificat: ADV1484151 - Tavite colectare (g\u0103sit cu: 'tavite colectare') - Deadline: Nespecificat
2025-05-29 12:39:16,177 - \u2705 Notificat: ADV1484151 - Tavite colectare (g\u0103sit cu: 'tavite colectare') - Deadline: Nespecificat
2025-05-29 12:39:39,785 - \u2705 Notificat: ADV1484134 - Detergent pentru ma\u0219inile de sp\u0103lat automate (g\u0103sit cu: 'Societatea COMPLEXUL ENERGETIC OLTENIA SA') - Deadline: Nespecificat
2025-05-29 12:46:27,634 - \u2705 Notificat: ADV1484151 - Tavite colectare (g\u0103sit cu: 'tavite colectare')
2025-05-29 12:50:33,079 - \u2705 Notificat: ADV1484151 - Tavite colectare (g\u0103sit cu: 'tavite colectare')
2025-05-29 12:50:56,673 - \u2705 Notificat: ADV1484134 - Detergent pentru ma\u0219inile de sp\u0103lat automate (g\u0103sit cu: 'Societatea COMPLEXUL ENERGETIC OLTENIA SA')
2025-05-29 13:40:04,536 - \u2705 Notificat: ADV1484162 - Anunt atribuire contracte “Examinarea medical\u0103 \u0219i psihologic\u0103 a personalului cu atribu\u021bii în siguran\u021ba feroviar\u0103” 8 loturi - SRCF Bra\u0219ov (g\u0103sit cu: 'siguranta')
2025-05-29 13:40:25,976 - \u2705 Notificat: ADV1484152 - Erbicid (g\u0103sit cu: 'erbicid')
2025-05-29 13:40:33,257 - \u2705 Notificat: ADV1484119 - Hard disk server, switch industrial cu management (g\u0103sit cu: 'switch')
2025-05-29 13:41:22,863 - \u2705 Notificat: ADV1484148 - Cabluri si conductori de comunicatii (g\u0103sit cu: 'cabluri')
2025-05-29 13:41:30,151 - \u2705 Notificat: ADV1484148 - Cabluri si conductori de comunicatii (g\u0103sit cu: 'cablu')
2025-05-29 13:45:23,239 - \u2705 Notificat: ADV1484172 - ACHIZITIE A DOUA BUCATI- CONTAINER TIP SAL\u0102 CLAS\u0102 MODUL DUBLU ECHIPAT (g\u0103sit cu: 'modul')
2025-05-29 13:45:23,495 - \u2705 Notificat: ADV1484104 - Achizitia a 2 (doua) cpl. Cazane incalzire, respectiv cazane modulare in condensare de putere minima P=100 Kw, cu montaj si punere in functiune, la sediul Sectiei 18 Politie, situate in str. Constantin Minculescu, nr. 14-16, sector 5, Bucuresti (g\u0103sit cu: 'modul')
2025-05-29 13:46:13,229 - \u2705 Notificat: ADV1484179 - SERVICII DE VERIFICARE TEHNIC\u0102 PERIODIC\u0102 A FUNC\u021aION\u0102RII DISPOZITIVELOR MEDICALE PENTRU STERILIZARE (g\u0103sit cu: 'dispozitive')
2025-05-29 13:47:26,425 - \u2705 Notificat: ADV1484134 - Detergent pentru ma\u0219inile de sp\u0103lat automate (g\u0103sit cu: 'Societatea COMPLEXUL ENERGETIC OLTENIA SA')
2025-05-29 15:12:25,242 - \u2705 Notificat: ADV1482289 - Prestare serviciu repara\u021bie circuitul nr. 1 al sistemului centralizat de climatizare din Studioul nr. 12 (g\u0103sit cu: 'circuit')
2025-05-29 15:18:42,344 - \u2705 Notificat: ADV1484202 - APARAT DE ANESTEZIE CU ANALIZOR DE GAZE ANESTEZICE SI MONITOR PENTRU FUNCTII VITALE, INCLUSIV MODUL PENTRU MASURAREA TENSIUNII ARTERIALE INVAZIVE (g\u0103sit cu: 'modul')
2025-05-30 08:22:54,288 - \u2705 Notificat: ADV1484229 - sursa neintreruptibila de curent (UPS) line-interactive 3000 VA, 2700 W, 9 iesiri (g\u0103sit cu: 'sursa')
2025-05-30 08:22:54,538 - \u2705 Notificat: ADV1484226 - SURS\u0102 DE TENSIUNE PT APARAT ROENTGENDIAGNOSTIC DIGITAL OPERAT T90CEX (g\u0103sit cu: 'sursa')
2025-05-30 08:26:32,691 - \u2705 Notificat: ADV1484231 - STUDIU GEOTEHNIC - Realizare bran\u0219ament \u0219i instala\u021bie interioar\u0103 de gaze naturale \u0219i amenajare platforma pentru amplasare containere modulare în Cazarma 942 \u015etef\u0103ne\u0219ti”, cod proiect 2023-I-942 (g\u0103sit cu: 'modul')
2025-05-30 08:28:06,756 - \u2705 Notificat: ADV1484239 - Închiriere autovehicule transport mixt, persoane \u015fi materiale, cu \u015fofer, pentru subunit\u0103\u0163ile Sucursalei Miniere Târgu – Jiu, respectiv Unitatea Minier\u0103 de Cariere Rovinari (g\u0103sit cu: 'Societatea COMPLEXUL ENERGETIC OLTENIA SA')
2025-05-30 08:28:07,077 - \u2705 Notificat: ADV1484207 - Accesorii pentru sudur\u0103 (g\u0103sit cu: 'Societatea COMPLEXUL ENERGETIC OLTENIA SA')
2025-05-30 12:45:45,387 - \u2705 Notificat: ADV1484334 - Plac\u0103/Modul de re\u021bea Teletek Iris (g\u0103sit cu: 'placa')
2025-05-30 12:46:05,808 - \u2705 Notificat: ADV1484303 - 42622 - Cheie interblocaj cu bobina (g\u0103sit cu: 'bobina')
2025-05-30 12:46:31,252 - \u2705 Notificat: ADV1484368 - Furnizare panouri cu led -aplicate pentru Magazinul de Bunuri Confiscate din cadrul DGRFP-B (g\u0103sit cu: 'led')
2025-05-30 12:46:31,516 - \u2705 Notificat: ADV1484289 - Panou led rotund montaj ingropat Eco 28W 2700-3000K ori similar (g\u0103sit cu: 'led')
2025-05-30 12:47:52,647 - \u2705 Notificat: ADV1484334 - Plac\u0103/Modul de re\u021bea Teletek Iris (g\u0103sit cu: 'modul')
2025-05-30 12:47:52,867 - \u2705 Notificat: ADV1484326 - ACHIZI\u021aIE A 3 BUCA\u021aI - CONTAINER TIP SAL\u0102 DE CLAS\u0102 MODUL DUBLU ECHIPAT (g\u0103sit cu: 'modul')
2025-05-30 12:47:53,091 - \u2705 Notificat: ADV1484309 - Modul de extensie Teletek Iris (g\u0103sit cu: 'modul')
2025-05-30 12:48:08,502 - \u2705 Notificat: ADV1484310 - Releu vertical 48V DC 20A – 12 buc (g\u0103sit cu: 'releu')
2025-05-30 12:48:08,760 - \u2705 Notificat: ADV1484308 - ACHIZI\u021aIE RELEU INCARCARE (g\u0103sit cu: 'releu')
2025-05-30 12:48:29,363 - \u2705 Notificat: ADV1484344 - ACHIZITIE SERVICII DE IMPLEMENTARE A SISTEMELOR SI DISPOZITIVELOR DE SUPRAVEGHERE SI SECURITATE (g\u0103sit cu: 'dispozitive')
2025-05-30 12:49:27,685 - \u2705 Notificat: ADV1484379 - materiale de constructii (g\u0103sit cu: 'Societatea COMPLEXUL ENERGETIC OLTENIA SA')
2025-05-30 12:49:27,930 - \u2705 Notificat: ADV1484283 - Piatr\u0103 de calcar (g\u0103sit cu: 'Societatea COMPLEXUL ENERGETIC OLTENIA SA')
2025-05-30 14:09:47,382 - \u2705 Notificat: ADV1484429 - Execu\u021bie funda\u021bii la stâlpii din cadrul celor 3 lucr\u0103ri de investi\u021bii „M-21-T006 Lucrare de intarire retea in amonte de punctul de racordare-realizare racord 20kV si post de transformare Chiuzabaia Groape” „M-23-T101 Intarire retea in amonte de punctul de racordare - realizare circuit 0,4 kV din PT (g\u0103sit cu: 'circuit')
2025-05-30 14:09:53,816 - \u2705 Notificat: ADV1484401 - Scule de mana si materile electrice (g\u0103sit cu: 'electrice')
2025-05-30 14:10:17,475 - \u2705 Notificat: ADV1484402 - Achizitie cabluri date (g\u0103sit cu: 'cabluri')
2025-05-30 14:10:19,288 - \u2705 Notificat: ADV1484402 - Achizitie cabluri date (g\u0103sit cu: 'cablu')
2025-05-30 14:10:45,835 - \u2705 Notificat: ADV1484409 - Lampa led iluminat stradal (g\u0103sit cu: 'led')
2025-05-30 14:10:53,841 - \u2705 Notificat: ADV1484420 - stabilizator de tensiune pt. echipament de tomografie Siemens Somatom Scope Power (g\u0103sit cu: 'stabilizator')
2025-05-30 14:11:18,964 - \u2705 Notificat: ADV1484361 - Realizare releveu arhitectural si topografic (g\u0103sit cu: 'rele')
2025-05-30 14:14:45,569 - \u2705 Notificat: ADV1484443 - CO\u0218ERIT - CUR\u0102\u021aARE CO\u0218 DE FUM (g\u0103sit cu: 'sigurante')
2025-05-30 14:15:19,571 - \u2705 Notificat: ADV1484444 - Materiale electrice (g\u0103sit cu: 'echipamente de laborator')
2025-05-30 14:17:31,944 - \u2705 Notificat: ADV1484445 - Agent Frigorific- Freon (g\u0103sit cu: 'Societatea COMPLEXUL ENERGETIC OLTENIA SA')
2025-05-30 14:21:38,397 - Eroare la salvarea în Excel: [Errno 13] Permission denied: 'seap_results.xlsx'
2025-05-30 14:21:38,397 - \u2705 Notificat: ADV1483793 - ACHIZITIE Obturator debit pentru ventilator (g\u0103sit cu: 'alimentator')
2025-05-30 14:21:38,639 - Eroare la salvarea în Excel: [Errno 13] Permission denied: 'seap_results.xlsx'
2025-05-30 14:21:38,639 - \u2705 Notificat: ADV1484442 - Leasing opera\u021bional auto 35 luni - Proiect: A.C.T.I.V. – Adaptabil-Conectat-Tân\u0103r-Inovativ-Voluntar // Cod proiect: 335249 (g\u0103sit cu: 'alimentator')
2025-05-30 14:21:39,524 - Eroare la salvarea în Excel: [Errno 13] Permission denied: 'seap_results.xlsx'
2025-05-30 14:21:39,524 - \u2705 Notificat: ADV1483793 - ACHIZITIE Obturator debit pentru ventilator (g\u0103sit cu: 'alimentatoare')
2025-05-30 15:45:30,696 - \u2705 Notificat: ADV1484457 - LOT 1 - Servicii de inlocuire memorii RAM pentru servere HR ProLiant (4 buc.) si LOT 2 – Servicii de inlocuire modul de management baterii (BMC) la un UPS Symmetra 160K (g\u0103sit cu: 'controller')
2025-06-02 07:54:02,261 - \u2705 Notificat: ADV1484477 - Prize duble aplicate cu impamantare si sigurante automate IP+N 16A (g\u0103sit cu: 'siguranta')
2025-06-02 07:54:04,293 - \u2705 Notificat: ADV1484467 - Servicii de verificare periodica a etanseitatii surselor radioactive la sistemul de masurare al fluidelor - gamadensiometrul tip OHMART (g\u0103sit cu: 'switch')
2025-06-02 07:54:10,205 - \u2705 Notificat: ADV1484481 - Cablu FTP cu sufa cupru pur 0.45 mm 305 m (g\u0103sit cu: 'pini')
2025-06-02 09:54:26,141 - \u2705 Notificat: ADV1484511 - Cablu fibra optica (g\u0103sit cu: 'cablu')
2025-06-02 09:54:52,730 - \u2705 Notificat: ADV1484483 - Becuri led 18 W si 30 W-E27 -lumina rece (g\u0103sit cu: 'led')
2025-06-02 09:56:12,470 - \u2705 Notificat: ADV1484498 - Piese de schimb motocositoare, motofreze zapada, etc – pachet filtre ulei, motorina, aer, decantor motorina, ulei 10 w 30 pentru grup sudura (g\u0103sit cu: 'COMPANIA DE TRANSPORT PUBLIC SA Arad')
2025-06-02 11:29:43,496 - \u2705 Notificat: ADV1484521 - Elaborare documentatie tehnica de fundamentare necesara obtinerii avizului de gospodarire a apelor pentru: Proiectul privind cresterea ponderii productiei de energie electrica din surse regenerabile prin finalizarea lucrarilor si asigurarea monitorizarii permanente a impactului asupra mediului la co (g\u0103sit cu: 'surse')
2025-06-02 14:59:37,596 - \u2705 Notificat: ADV1482679 - Proiectare si executie lucrari pentru construire sisteme de producere a energiei electrice, compus din panouri electrice fotovoltaice monocristaline, pentru 10 imobile ale IPJ Vâlcea (contine clarificari si doc suplimentare) (g\u0103sit cu: 'electrice')
2025-06-02 14:59:45,698 - \u2705 Notificat: ADV1484628 - Proiect siguranta cladirii - 4 cladiri (g\u0103sit cu: 'siguranta')
2025-06-02 14:59:50,626 - \u2705 Notificat: ADV1484578 - „Achizi\u021bionare servicii de instruire specific\u0103, respectiv cursuri Cisco CCNA - Cisco Certified Networking Associate format din mai multe module: CCNA 1 - Introduction to Networks (ITN), CCNA 2 - Switching, Routing, and Wireless Essentials (SRWE), CCNA 3 - Enterprise Networking, Security, and Automat (g\u0103sit cu: 'switch')
2025-06-02 15:00:03,526 - \u2705 Notificat: ADV1484637 - Furtun de la vasul de expansiune/Cablu timonerie/Suport cablu timonerie (g\u0103sit cu: 'cablu')
2025-06-02 15:00:30,420 - \u2705 Notificat: ADV1484610 - Becuri LED (g\u0103sit cu: 'led')
2025-06-02 15:00:30,693 - \u2705 Notificat: ADV1484585 - LAMP\u0102 DE ILUMINAT STRADAL TIP LED (g\u0103sit cu: 'led')
2025-06-02 15:00:52,848 - \u2705 Notificat: ADV1484600 - Senzor de fum autonom cu buzzer (g\u0103sit cu: 'senzor')
2025-06-02 15:00:53,153 - \u2705 Notificat: ADV1478747 - SENZOR MONITORIZARE TEMPERATURA LA DISTANTA (g\u0103sit cu: 'senzor')
2025-06-02 15:00:56,553 - \u2705 Notificat: ADV1484578 - „Achizi\u021bionare servicii de instruire specific\u0103, respectiv cursuri Cisco CCNA - Cisco Certified Networking Associate format din mai multe module: CCNA 1 - Introduction to Networks (ITN), CCNA 2 - Switching, Routing, and Wireless Essentials (SRWE), CCNA 3 - Enterprise Networking, Security, and Automat (g\u0103sit cu: 'modul')
2025-06-02 15:01:10,955 - \u2705 Notificat: ADV1484642 - Achizitie dispozitive de masurare lichide (g\u0103sit cu: 'dispozitive')
2025-06-02 15:01:19,170 - \u2705 Notificat: ADV1484569 - Furnizare materiale didactice aferente laboratorului de stiinte si cabinetului scolar in cadrul proiectului: “DOTAREA CU MOBILIER, MATERIALE DIDACTICE \u0218I ECHIPAMENTE DIGITALE A \u0218COLII GIMNAZIALE BATARCI” (g\u0103sit cu: 'echipamente de laborator')
2025-06-03 08:55:14,454 - \u2705 Notificat: ADV1484689 - Sigurante MT 24kV 1A si 0,3 A (g\u0103sit cu: 'sigurante')
2025-06-03 10:28:54,283 - Eroare la salvarea în Excel: [Errno 13] Permission denied: 'seap_results.xlsx'
2025-06-03 10:28:54,283 - \u2705 Notificat: ADV1484721 - Expertiza tehnica necesara obtinerii acordului CONSIB de functionare in siguranta a Barajului Vaja din cadrul Proiectului privind cresterea ponderii productiei de energie electrica din surse regenerabile prin finalizarea lucrarilor si asigurarea monitorizarii permanente a impactului asupra mediului (g\u0103sit cu: 'siguranta')
2025-06-03 10:28:57,573 - Eroare la salvarea în Excel: [Errno 13] Permission denied: 'seap_results.xlsx'
2025-06-03 10:28:57,573 - \u2705 Notificat: ADV1484721 - Expertiza tehnica necesara obtinerii acordului CONSIB de functionare in siguranta a Barajului Vaja din cadrul Proiectului privind cresterea ponderii productiei de energie electrica din surse regenerabile prin finalizarea lucrarilor si asigurarea monitorizarii permanente a impactului asupra mediului (g\u0103sit cu: 'surse')
2025-06-03 13:10:22,298 - \u2705 Notificat: ADV1484731 - Materiale intretinere si electrice (g\u0103sit cu: 'electrice')
2025-06-03 13:10:30,320 - \u2705 Notificat: ADV1467362 - Furnizare sistem iluminat scena 4 buc Proiector profil 25° - 50° 750W cu lampa 750W inlc. cablu de siguranta (g\u0103sit cu: 'siguranta')
2025-06-03 13:10:30,568 - \u2705 Notificat: ADV1484744 - Siguranta automata (g\u0103sit cu: 'siguranta')
2025-06-03 13:11:39,055 - \u2705 Notificat: ADV1467357 - Furnizare set platforma modulara 2x1m (g\u0103sit cu: 'modul')
2025-06-03 13:11:39,287 - \u2705 Notificat: ADV1467350 - Furnizare Set picioare telescopice ajustabile de la 90cm la 160cm pentru platforma modular pt. 6 platforme (g\u0103sit cu: 'modul')
2025-06-03 13:11:39,613 - \u2705 Notificat: ADV1484728 - Achizi\u021bie modul SFP (g\u0103sit cu: 'modul')
2025-06-03 13:12:00,011 - \u2705 Notificat: ADV1484731 - Materiale intretinere si electrice (g\u0103sit cu: 'materiale electrice')
2025-06-03 13:12:34,670 - \u2705 Notificat: ADV1484766 - Unsori si vaseline – Vaselina 18 kg (g\u0103sit cu: 'COMPANIA DE TRANSPORT PUBLIC SA Arad')
2025-06-03 13:12:34,916 - \u2705 Notificat: ADV1484757 - Uleiuri minerale – Ulei full sintetic. 15w40 - 200 litri (g\u0103sit cu: 'COMPANIA DE TRANSPORT PUBLIC SA Arad')
2025-06-03 15:44:07,620 - \u2705 Notificat: ADV1484856 - SERVICII DE VERIFICARE, REPARARE SI REGLARE DISPOZITIVE DE SIGURANTA (g\u0103sit cu: 'siguranta')
2025-06-03 15:45:30,494 - \u2705 Notificat: ADV1484856 - SERVICII DE VERIFICARE, REPARARE SI REGLARE DISPOZITIVE DE SIGURANTA (g\u0103sit cu: 'dispozitive')
2025-06-03 15:45:30,724 - \u2705 Notificat: ADV1484809 - SERVICII DE VERIFICARE SI INTRETINERE TEHNICA PERIODICA A DISPOZITIVELOR MEDICALE UTILIZATE IN LABORATOR (g\u0103sit cu: 'dispozitive')
2025-06-03 15:45:39,240 - \u2705 Notificat: ADV1484826 - Materiale specifice pentru LABORATORUL DE BIOLOGIE – LICEUL SPECIAL PENTRU DEFICIEN\u021aI DE VEDERE, în cadrul proiectului „Dotare cu Mobilier, Materiale Didactice \u0219i Echipamente Digitale a Unit\u0103\u021bilor de Înv\u0103\u021b\u0103mânt Special din Jude\u021bul Cluj” (g\u0103sit cu: 'echipamente de laborator')
2025-06-03 15:45:59,497 - \u2705 Notificat: ADV1484845 - ,,Servicii de monitorizare a sistemelor de securitate si interven\u0163ie rapid\u0103: lot 1 + lot 2 + lot 3 + lot 4 + lot 5 + lot 6’’ (g\u0103sit cu: 'Societatea COMPLEXUL ENERGETIC OLTENIA SA')
2025-06-04 08:00:24,891 - \u2705 Notificat: ADV1484879 - Servicii reparatii sigurante marmite (g\u0103sit cu: 'sigurante')
2025-06-04 09:47:16,838 - \u2705 Notificat: ADV1484908 - Baterii electrice (g\u0103sit cu: 'electrice')
2025-06-04 09:48:42,962 - \u2705 Notificat: ADV1484928 - Grup de pompare apa potabila si alimentare hidranti cu panou de control (automatizare) si accesorii conexe (g\u0103sit cu: 'automatizare')
2025-06-04 10:44:52,245 - \u2705 Notificat: ADV1484933 - Terminal de interior 1kV (g\u0103sit cu: 'terminal')
2025-06-04 12:18:27,035 - \u2705 Notificat: ADV1484965 - Furnizare cablu troliu DSBC (g\u0103sit cu: 'cablu')
2025-06-04 12:18:27,301 - \u2705 Notificat: ADV1484960 - Statie radio portabila in banda licentiata UIF (UHF) cu accesorii – 10 buc + Set cablu USB si software programare statii radio portabile in banda licentiata UIF (UHF) – 1 buc + Acumulator statie radio portabila Motorola DP1400 – 10 buc (g\u0103sit cu: 'cablu')
2025-06-04 12:18:53,679 - \u2705 Notificat: ADV1484971 - Proiectoare LED (g\u0103sit cu: 'led')
2025-06-04 12:19:18,638 - \u2705 Notificat: ADV1484989 - Livrare si montaj module de depozitare (g\u0103sit cu: 'modul')
2025-06-04 13:34:02,277 - \u2705 Notificat: ADV1485015 - Convertor USB-CAN (g\u0103sit cu: 'convertor')
2025-06-04 13:34:11,732 - \u2705 Notificat: ADV1485031 - Proiectare si executie pentru obiectivul Alimentare cu energie electrica statii reincarcare vehicule electrice amplasate in municipiul Falticeni, str. Republicii, nr. 13, jud. Suceava (g\u0103sit cu: 'electrice')
2025-06-04 13:34:18,188 - \u2705 Notificat: ADV1485011 - Sigurante si accesorii (g\u0103sit cu: 'sigurante')
2025-06-04 13:34:20,003 - \u2705 Notificat: ADV1485022 - Servicii de elaborare a expertizei tehnice privind evaluarea st\u0103rii de siguran\u021b\u0103 a obiectivelor miniere aflate în etapa de monitorizare postînchidere \u0219i de conservare din zona Baia Mare \u0219i Moldova (g\u0103sit cu: 'siguranta')
2025-06-04 13:34:20,266 - \u2705 Notificat: ADV1485012 - Siguranta automata (g\u0103sit cu: 'siguranta')
2025-06-04 13:34:32,887 - \u2705 Notificat: ADV1485010 - Conectori si accesorii (g\u0103sit cu: 'conector')
2025-06-04 13:34:34,644 - \u2705 Notificat: ADV1485010 - Conectori si accesorii (g\u0103sit cu: 'conectori')
2025-06-04 13:34:36,412 - \u2705 Notificat: ADV1485009 - Achizitie cabluri HDMI (g\u0103sit cu: 'cabluri')
2025-06-04 13:34:38,194 - \u2705 Notificat: ADV1485009 - Achizitie cabluri HDMI (g\u0103sit cu: 'cablu')
2025-06-04 13:35:04,613 - \u2705 Notificat: ADV1062484 - Furnizare drivere pentru corpuri led (g\u0103sit cu: 'led')
2025-06-05 07:47:20,621 - \u2705 Notificat: ADV1485057 - Alimentator (g\u0103sit cu: 'alimentator')
2025-06-05 07:47:39,718 - \u2705 Notificat: ADV1485080 - ACHIZITIONARE DIVERSE PRODUSE PENTRU INSTALATIILE ELECTRICE (g\u0103sit cu: 'electrice')
2025-06-05 07:47:39,948 - \u2705 Notificat: ADV1485054 - Achizi\u021bii materiale electrice (g\u0103sit cu: 'electrice')
2025-06-05 07:47:49,952 - \u2705 Notificat: ADV1485046 - FURNIZARE KIT RAM 16GB, HDD NAS, SET SURSA ALIMENTARE (g\u0103sit cu: 'sursa')
2025-06-05 07:48:56,747 - \u2705 Notificat: ADV1485087 - Servicii de „Instruire online solu\u021bie perchezi\u021bie informatic\u0103 telefoane mobile (12 module)” (g\u0103sit cu: 'modul')
2025-06-05 07:48:57,174 - \u2705 Notificat: ADV1485056 - Furnizare modul GSM pentru DSC NEO HS2016 CU MONTARE SI INSTALARE (g\u0103sit cu: 'modul')
2025-06-05 07:49:05,276 - \u2705 Notificat: ADV1485049 - Achizi\u021bie servicii de organizare cursuri formare de competen\u021be relevante pentru pia\u021ba muncii, dedicate elevilor \u0219i studen\u021bilor în cadrul proiectului Construire Campus Dual Integrat Banatul Montan Re\u0219i\u021ba”, cod ID_15 (g\u0103sit cu: 'rele')
2025-06-05 07:49:18,029 - \u2705 Notificat: ADV1485054 - Achizi\u021bii materiale electrice (g\u0103sit cu: 'materiale electrice')
2025-06-05 07:49:39,932 - \u2705 Notificat: ADV1485088 - ELABORARE DOCUMENTATII TEHNICE PENTRU DESCOPERTA STERILULUI, IN VEDEREA VALORIFICARII LIGNITULUI (g\u0103sit cu: 'Societatea COMPLEXUL ENERGETIC OLTENIA SA')
2025-06-05 08:07:14,712 - \u2705 Notificat: ADV1485059 - Achizi\u021bie cablu de cupru armat (g\u0103sit cu: 'cablu')
2025-06-05 10:07:07,851 - \u2705 Notificat: ADV1485186 - Achizitie switch-uri (g\u0103sit cu: 'switch')
2025-06-05 10:07:19,182 - \u2705 Notificat: ADV1485148 - Dispozitiv de t\u0103iat cabluri cu acumulator si Cle\u015fte cu clichet pentru t\u0103ierea cablurilor cu diametru maxim de 62 mm. (g\u0103sit cu: 'cabluri')
2025-06-05 10:07:20,961 - \u2705 Notificat: ADV1485148 - Dispozitiv de t\u0103iat cabluri cu acumulator si Cle\u015fte cu clichet pentru t\u0103ierea cablurilor cu diametru maxim de 62 mm. (g\u0103sit cu: 'cablu')
2025-06-05 10:08:55,325 - \u2705 Notificat: ADV1485160 - ”ACTUALIZARE DEVIZE GENERALE SI INTOCMIRE COMPENSATOARE” , cod CPV 71241000-9 (g\u0103sit cu: 'Societatea COMPLEXUL ENERGETIC OLTENIA SA')
2025-06-05 11:05:25,798 - \u2705 Notificat: ADV1485200 - Ciment, stâlp din beton, sârm\u0103 ghimpat\u0103, sârm\u0103 concertin\u0103, suport concertin\u0103, suport de sârm\u0103 pentru spalier, stâlp conic, lamp\u0103 iluminat, cablu electric, doz\u0103 de conexiune, senzor, balast (g\u0103sit cu: 'pin')
2025-06-05 11:06:12,315 - \u2705 Notificat: ADV1485200 - Ciment, stâlp din beton, sârm\u0103 ghimpat\u0103, sârm\u0103 concertin\u0103, suport concertin\u0103, suport de sârm\u0103 pentru spalier, stâlp conic, lamp\u0103 iluminat, cablu electric, doz\u0103 de conexiune, senzor, balast (g\u0103sit cu: 'senzor')
2025-06-05 14:55:13,657 - \u2705 Notificat: ADV1485303 - ACCESORII PENTRU APARATELE DE MASURAT GROSIMI, CR 43197 (g\u0103sit cu: 'aparate de masura')
2025-06-05 14:55:27,823 - \u2705 Notificat: ADV1485251 - Electronice, re\u021belistic\u0103 (g\u0103sit cu: 'electronice')
2025-06-05 14:55:29,708 - \u2705 Notificat: ADV1485240 - Instalatie electrica de utilizare subterana plus tablouri electrice complet echipate in Parcul Tineretului (g\u0103sit cu: 'electrice')
2025-06-05 14:55:29,978 - \u2705 Notificat: ADV1485218 - materiale electrice, sanitare ;i de constructie (g\u0103sit cu: 'electrice')
2025-06-05 14:55:39,617 - \u2705 Notificat: ADV1485255 - Sursa neintreruptibila 3kVA (UPS), 4 buc, conform Caiet de sarcini (g\u0103sit cu: 'sursa')
2025-06-05 14:55:50,737 - \u2705 Notificat: ADV1485247 - Dibluri; Set conectori +Tuburi Termocontractabile; Canalet cablu autoadeziv;Pistol lipit 100W; Trusa clesti sertirizare (g\u0103sit cu: 'conector')
2025-06-05 14:55:52,534 - \u2705 Notificat: ADV1485247 - Dibluri; Set conectori +Tuburi Termocontractabile; Canalet cablu autoadeziv;Pistol lipit 100W; Trusa clesti sertirizare (g\u0103sit cu: 'conectori')
2025-06-05 14:55:54,322 - \u2705 Notificat: ADV1485274 - Cabluri si produse conexe (g\u0103sit cu: 'cabluri')
2025-06-05 14:55:56,103 - \u2705 Notificat: ADV1485274 - Cabluri si produse conexe (g\u0103sit cu: 'cablu')
2025-06-05 14:55:56,353 - \u2705 Notificat: ADV1485247 - Dibluri; Set conectori +Tuburi Termocontractabile; Canalet cablu autoadeziv;Pistol lipit 100W; Trusa clesti sertirizare (g\u0103sit cu: 'cablu')
2025-06-05 14:56:01,261 - \u2705 Notificat: ADV1470482 - TERMINAL DE INTERIOR CR 42755 (g\u0103sit cu: 'terminal')
2025-06-05 14:56:06,159 - \u2705 Notificat: ADV1485311 - Achizitie piese auto DUSTER LOGAN KANGOO TRANSPORTER TUCSON JUMPER (g\u0103sit cu: 'jumper')
2025-06-05 14:56:40,230 - \u2705 Notificat: ADV1485247 - Dibluri; Set conectori +Tuburi Termocontractabile; Canalet cablu autoadeziv;Pistol lipit 100W; Trusa clesti sertirizare (g\u0103sit cu: 'clesti')
2025-06-05 14:57:06,856 - \u2705 Notificat: ADV1485240 - Instalatie electrica de utilizare subterana plus tablouri electrice complet echipate in Parcul Tineretului (g\u0103sit cu: 'tablouri electrice')
2025-06-05 14:57:08,628 - \u2705 Notificat: ADV1485218 - materiale electrice, sanitare ;i de constructie (g\u0103sit cu: 'materiale electrice')
2025-06-05 14:57:43,529 - \u2705 Notificat: ADV1485290 - Franghie pantograf- Franghie poliester 100m x 8mm (g\u0103sit cu: 'COMPANIA DE TRANSPORT PUBLIC SA Arad')
2025-06-05 15:32:18,321 - \u2705 Notificat: ADV1485332 - ustensile de laborator (lot1,lot2,lot3) (g\u0103sit cu: 'Societatea COMPLEXUL ENERGETIC OLTENIA SA')
2025-06-06 09:13:18,285 - \u2705 Notificat: ADV1485395 - Sursa neintreruptibila de tensiune (g\u0103sit cu: 'sursa')
2025-06-06 09:13:18,556 - \u2705 Notificat: ADV1485392 - Sursa neintreruptibila de tensiune (g\u0103sit cu: 'sursa')
2025-06-06 10:06:48,030 - \u2705 Notificat: ADV1485427 - Cabluri electrice (g\u0103sit cu: 'electrice')
2025-06-06 10:06:56,046 - \u2705 Notificat: ADV1485437 - Furnizare indicatoare rutiere, stâlpi de sus\u021binere si borne pentru siguran\u021ba circula\u021biei pe drumurile jude\u021bene aflate în administrarea Drumuri Jude\u021bene Constan\u021ba S.A. (g\u0103sit cu: 'siguranta')
2025-06-06 10:07:12,191 - \u2705 Notificat: ADV1485427 - Cabluri electrice (g\u0103sit cu: 'cabluri')
2025-06-06 10:07:13,979 - \u2705 Notificat: ADV1485427 - Cabluri electrice (g\u0103sit cu: 'cablu')
2025-06-06 10:07:18,867 - \u2705 Notificat: ADV1485417 - Achizitie Lucrari de racordare electrica panouri publicitate Terminal T4 (g\u0103sit cu: 'terminal')
2025-06-06 10:08:02,394 - \u2705 Notificat: ADV1485434 - Furnizare Senzor tip creion pentru achizitii suprapresiune - 4 buc (g\u0103sit cu: 'senzor')

2025-06-06 12:10:17,459 - \u2705 Notificat: ADV1485450 - Materiale electrice (g\u0103sit cu: 'electrice')
2025-06-06 12:10:17,796 - \u2705 Notificat: ADV1485449 - Senzori electrice (g\u0103sit cu: 'electrice')
2025-06-06 12:10:24,322 - \u2705 Notificat: ADV1485498 - Drosere \u0219i siguran\u021be automate (g\u0103sit cu: 'sigurante')
2025-06-06 12:10:29,296 - \u2705 Notificat: ADV1485480 - Capacitati de producere energie din surse regenerabile de energie , pentru consum propriu in Comuna Bolotesti, judetul Vrancea (g\u0103sit cu: 'surse')
2025-06-06 12:10:31,173 - \u2705 Notificat: ADV1485502 - Furnizarea unui nr. de 11 (unsprezece) switch-uri cu 24 port G 4x1G SFP (g\u0103sit cu: 'switch')
2025-06-06 12:11:10,151 - \u2705 Notificat: ADV1485499 - Proiector LED 200W, 220V, 6500K, IP 66 - 6 bucati (g\u0103sit cu: 'led')
2025-06-06 12:11:32,104 - \u2705 Notificat: ADV1485449 - Senzori electrice (g\u0103sit cu: 'senzor')
2025-06-06 12:11:33,912 - \u2705 Notificat: ADV1485449 - Senzori electrice (g\u0103sit cu: 'senzori')
2025-06-06 12:11:35,675 - \u2705 Notificat: ADV1485473 - Curs de formare profesionala de RSL-IR modulul B (g\u0103sit cu: 'modul')
2025-06-06 12:11:56,273 - \u2705 Notificat: ADV1485450 - Materiale electrice (g\u0103sit cu: 'materiale electrice')
2025-06-06 12:12:18,185 - \u2705 Notificat: ADV1485469 - Ulei Atlas Copco Recip Oil (g\u0103sit cu: 'Societatea COMPLEXUL ENERGETIC OLTENIA SA')
2025-06-06 14:08:15,151 - \u2705 Notificat: ADV1485567 - Servicii cadastrale privind achizi\u021bia de servicii cadastrale de înscriere în cartea funciar\u0103/actualizare c\u0103r\u021bi funciare \u0219i întocmire relevee, pentru bunurile ce apar\u021bin domeniului public al Jude\u021bului Constan\u021ba, pe 3 loturi. (g\u0103sit cu: 'rele')
2025-06-06 15:07:25,689 - \u2705 Notificat: ADV1485604 - LOT 1: Transmittere universale. LOT 2: Senzori de turatie, vibratii si proximitate (g\u0103sit cu: 'senzor')
2025-06-06 15:07:27,627 - \u2705 Notificat: ADV1485604 - LOT 1: Transmittere universale. LOT 2: Senzori de turatie, vibratii si proximitate (g\u0103sit cu: 'senzori')
